# nvme smart-log /dev/nvme0
Smart Log for NVME device:nvme0 namespace-id:ffffffff
critical_warning			: 0
temperature				: 77 °F (298 K)
available_spare				: 100%
available_spare_threshold		: 3%
percentage_used				: 0%
endurance group critical warning summary: 0
Data Units Read				: 25876 (13.25 GB)
Data Units Written			: 13395 (6.86 GB)
host_read_commands			: 90821
host_write_commands			: 83412
controller_busy_time			: 0
power_cycles				: 24
power_on_hours				: 0
unsafe_shutdowns			: 23
media_errors				: 0
num_err_log_entries			: 0
Warning Temperature Time		: 0
Critical Composite Temperature Time	: 0
Thermal Management T1 Trans Count	: 0
Thermal Management T2 Trans Count	: 0
Thermal Management T1 Total Time	: 0
Thermal Management T2 Total Time	: 0
